<?xml version="1.0" encoding="UTF-8"?>
<testsuite xmlns:xsi="http://www.w3.org/2001/XMLSchema-instance" xsi:noNamespaceSchemaLocation="https://maven.apache.org/surefire/maven-surefire-plugin/xsd/surefire-test-report-3.0.xsd" version="3.0" name="runner.TestRunner" time="34.859" tests="0" errors="0" skipped="0" failures="0">
  <properties>
    <property name="gopherProxySet" value="false"/>
    <property name="awt.toolkit" value="sun.lwawt.macosx.LWCToolkit"/>
    <property name="file.encoding.pkg" value="sun.io"/>
    <property name="java.specification.version" value="1.8"/>
    <property name="sun.cpu.isalist" value=""/>
    <property name="sun.jnu.encoding" value="UTF-8"/>
    <property name="java.class.path" value="/Users/nishant/docomo/target/test-classes:/Users/nishant/docomo/target/classes:/Users/nishant/.m2/repository/com/google/guava/guava/29.0-jre/guava-29.0-jre.jar:/Users/nishant/.m2/repository/com/google/guava/failureaccess/1.0.1/failureaccess-1.0.1.jar:/Users/nishant/.m2/repository/com/google/guava/listenablefuture/9999.0-empty-to-avoid-conflict-with-guava/listenablefuture-9999.0-empty-to-avoid-conflict-with-guava.jar:/Users/nishant/.m2/repository/com/google/code/findbugs/jsr305/3.0.2/jsr305-3.0.2.jar:/Users/nishant/.m2/repository/org/checkerframework/checker-qual/2.11.1/checker-qual-2.11.1.jar:/Users/nishant/.m2/repository/com/google/errorprone/error_prone_annotations/2.3.4/error_prone_annotations-2.3.4.jar:/Users/nishant/.m2/repository/com/google/j2objc/j2objc-annotations/1.3/j2objc-annotations-1.3.jar:/Users/nishant/.m2/repository/org/testng/testng/7.1.0/testng-7.1.0.jar:/Users/nishant/.m2/repository/com/beust/jcommander/1.72/jcommander-1.72.jar:/Users/nishant/.m2/repository/com/google/inject/guice/4.1.0/guice-4.1.0-no_aop.jar:/Users/nishant/.m2/repository/javax/inject/javax.inject/1/javax.inject-1.jar:/Users/nishant/.m2/repository/aopalliance/aopalliance/1.0/aopalliance-1.0.jar:/Users/nishant/.m2/repository/org/yaml/snakeyaml/1.21/snakeyaml-1.21.jar:/Users/nishant/.m2/repository/com/google/code/gson/gson/2.8.6/gson-2.8.6.jar:/Users/nishant/.m2/repository/org/apache/poi/poi-ooxml/4.1.2/poi-ooxml-4.1.2.jar:/Users/nishant/.m2/repository/org/apache/poi/poi-ooxml-schemas/4.1.2/poi-ooxml-schemas-4.1.2.jar:/Users/nishant/.m2/repository/org/apache/xmlbeans/xmlbeans/3.1.0/xmlbeans-3.1.0.jar:/Users/nishant/.m2/repository/org/apache/commons/commons-compress/1.19/commons-compress-1.19.jar:/Users/nishant/.m2/repository/com/github/virtuald/curvesapi/1.06/curvesapi-1.06.jar:/Users/nishant/.m2/repository/org/apache/poi/poi/4.1.2/poi-4.1.2.jar:/Users/nishant/.m2/repository/commons-codec/commons-codec/1.13/commons-codec-1.13.jar:/Users/nishant/.m2/repository/org/apache/commons/commons-collections4/4.4/commons-collections4-4.4.jar:/Users/nishant/.m2/repository/org/apache/commons/commons-math3/3.6.1/commons-math3-3.6.1.jar:/Users/nishant/.m2/repository/com/zaxxer/SparseBitSet/1.2/SparseBitSet-1.2.jar:/Users/nishant/.m2/repository/info/cukes/gherkin/2.12.2/gherkin-2.12.2.jar:/Users/nishant/.m2/repository/junit/junit/4.12/junit-4.12.jar:/Users/nishant/.m2/repository/org/hamcrest/hamcrest-core/1.3/hamcrest-core-1.3.jar:/Users/nishant/.m2/repository/com/aventstack/extentreports/4.0.1/extentreports-4.0.1.jar:/Users/nishant/.m2/repository/org/freemarker/freemarker/2.3.23/freemarker-2.3.23.jar:/Users/nishant/.m2/repository/org/mongodb/mongodb-driver/3.3.0/mongodb-driver-3.3.0.jar:/Users/nishant/.m2/repository/org/mongodb/mongodb-driver-core/3.3.0/mongodb-driver-core-3.3.0.jar:/Users/nishant/.m2/repository/org/mongodb/bson/3.3.0/bson-3.3.0.jar:/Users/nishant/.m2/repository/org/apache/httpcomponents/httpclient/4.5.2/httpclient-4.5.2.jar:/Users/nishant/.m2/repository/org/apache/httpcomponents/httpcore/4.4.4/httpcore-4.4.4.jar:/Users/nishant/.m2/repository/org/apache/httpcomponents/httpmime/4.5.2/httpmime-4.5.2.jar:/Users/nishant/.m2/repository/io/cucumber/cucumber-java/1.2.6/cucumber-java-1.2.6.jar:/Users/nishant/.m2/repository/io/cucumber/cucumber-core/1.2.6/cucumber-core-1.2.6.jar:/Users/nishant/.m2/repository/info/cukes/cucumber-html/0.2.3/cucumber-html-0.2.3.jar:/Users/nishant/.m2/repository/info/cukes/cucumber-jvm-deps/1.0.5/cucumber-jvm-deps-1.0.5.jar:/Users/nishant/.m2/repository/io/cucumber/cucumber-junit/1.2.6/cucumber-junit-1.2.6.jar:/Users/nishant/.m2/repository/com/vimalselvam/cucumber-extentsreport/3.0.2/cucumber-extentsreport-3.0.2.jar:/Users/nishant/.m2/repository/io/cucumber/cucumber-picocontainer/1.2.6/cucumber-picocontainer-1.2.6.jar:/Users/nishant/.m2/repository/org/picocontainer/picocontainer/2.15/picocontainer-2.15.jar:/Users/nishant/.m2/repository/commons-io/commons-io/2.4/commons-io-2.4.jar:/Users/nishant/.m2/repository/org/apache/commons/commons-lang3/3.8/commons-lang3-3.8.jar:/Users/nishant/.m2/repository/commons-logging/commons-logging/1.1.3/commons-logging-1.1.3.jar:/Users/nishant/.m2/repository/io/rest-assured/rest-assured/3.0.3/rest-assured-3.0.3.jar:/Users/nishant/.m2/repository/org/codehaus/groovy/groovy/2.4.9/groovy-2.4.9.jar:/Users/nishant/.m2/repository/org/codehaus/groovy/groovy-xml/2.4.9/groovy-xml-2.4.9.jar:/Users/nishant/.m2/repository/org/hamcrest/hamcrest-library/1.3/hamcrest-library-1.3.jar:/Users/nishant/.m2/repository/org/ccil/cowan/tagsoup/tagsoup/1.2.1/tagsoup-1.2.1.jar:/Users/nishant/.m2/repository/io/rest-assured/xml-path/3.0.3/xml-path-3.0.3.jar:/Users/nishant/.m2/repository/io/rest-assured/json-path/3.0.3/json-path-3.0.3.jar:/Users/nishant/.m2/repository/org/codehaus/groovy/groovy-json/2.4.9/groovy-json-2.4.9.jar:/Users/nishant/.m2/repository/io/rest-assured/rest-assured-common/3.0.3/rest-assured-common-3.0.3.jar:/Users/nishant/.m2/repository/io/rest-assured/json-schema-validator/3.0.3/json-schema-validator-3.0.3.jar:/Users/nishant/.m2/repository/com/github/fge/json-schema-validator/2.2.6/json-schema-validator-2.2.6.jar:/Users/nishant/.m2/repository/joda-time/joda-time/2.3/joda-time-2.3.jar:/Users/nishant/.m2/repository/com/googlecode/libphonenumber/libphonenumber/6.2/libphonenumber-6.2.jar:/Users/nishant/.m2/repository/com/github/fge/json-schema-core/1.2.5/json-schema-core-1.2.5.jar:/Users/nishant/.m2/repository/com/github/fge/uri-template/0.9/uri-template-0.9.jar:/Users/nishant/.m2/repository/com/github/fge/msg-simple/1.1/msg-simple-1.1.jar:/Users/nishant/.m2/repository/com/github/fge/btf/1.2/btf-1.2.jar:/Users/nishant/.m2/repository/com/github/fge/jackson-coreutils/1.8/jackson-coreutils-1.8.jar:/Users/nishant/.m2/repository/com/fasterxml/jackson/core/jackson-databind/2.2.3/jackson-databind-2.2.3.jar:/Users/nishant/.m2/repository/com/fasterxml/jackson/core/jackson-annotations/2.2.3/jackson-annotations-2.2.3.jar:/Users/nishant/.m2/repository/com/fasterxml/jackson/core/jackson-core/2.2.3/jackson-core-2.2.3.jar:/Users/nishant/.m2/repository/org/mozilla/rhino/1.7R4/rhino-1.7R4.jar:/Users/nishant/.m2/repository/javax/mail/mailapi/1.4.3/mailapi-1.4.3.jar:/Users/nishant/.m2/repository/javax/activation/activation/1.1/activation-1.1.jar:/Users/nishant/.m2/repository/net/sf/jopt-simple/jopt-simple/4.6/jopt-simple-4.6.jar:"/>
    <property name="java.vm.vendor" value="AdoptOpenJDK"/>
    <property name="sun.arch.data.model" value="64"/>
    <property name="java.vendor.url" value="https://adoptopenjdk.net/"/>
    <property name="user.timezone" value=""/>
    <property name="java.vm.specification.version" value="1.8"/>
    <property name="os.name" value="Mac OS X"/>
    <property name="user.country" value="IN"/>
    <property name="sun.java.launcher" value="SUN_STANDARD"/>
    <property name="sun.boot.library.path" value="/Library/Java/JavaVirtualMachines/adoptopenjdk-8.jdk/Contents/Home/jre/lib"/>
    <property name="sun.java.command" value="/Users/nishant/docomo/target/surefire/surefirebooter8921275573877653081.jar /Users/nishant/docomo/target/surefire 2021-10-25T20-02-25_144-jvmRun1 surefire4726633512804943755tmp surefire_07961563325342045720tmp"/>
    <property name="surefire.test.class.path" value="/Users/nishant/docomo/target/test-classes:/Users/nishant/docomo/target/classes:/Users/nishant/.m2/repository/com/google/guava/guava/29.0-jre/guava-29.0-jre.jar:/Users/nishant/.m2/repository/com/google/guava/failureaccess/1.0.1/failureaccess-1.0.1.jar:/Users/nishant/.m2/repository/com/google/guava/listenablefuture/9999.0-empty-to-avoid-conflict-with-guava/listenablefuture-9999.0-empty-to-avoid-conflict-with-guava.jar:/Users/nishant/.m2/repository/com/google/code/findbugs/jsr305/3.0.2/jsr305-3.0.2.jar:/Users/nishant/.m2/repository/org/checkerframework/checker-qual/2.11.1/checker-qual-2.11.1.jar:/Users/nishant/.m2/repository/com/google/errorprone/error_prone_annotations/2.3.4/error_prone_annotations-2.3.4.jar:/Users/nishant/.m2/repository/com/google/j2objc/j2objc-annotations/1.3/j2objc-annotations-1.3.jar:/Users/nishant/.m2/repository/org/testng/testng/7.1.0/testng-7.1.0.jar:/Users/nishant/.m2/repository/com/beust/jcommander/1.72/jcommander-1.72.jar:/Users/nishant/.m2/repository/com/google/inject/guice/4.1.0/guice-4.1.0-no_aop.jar:/Users/nishant/.m2/repository/javax/inject/javax.inject/1/javax.inject-1.jar:/Users/nishant/.m2/repository/aopalliance/aopalliance/1.0/aopalliance-1.0.jar:/Users/nishant/.m2/repository/org/yaml/snakeyaml/1.21/snakeyaml-1.21.jar:/Users/nishant/.m2/repository/com/google/code/gson/gson/2.8.6/gson-2.8.6.jar:/Users/nishant/.m2/repository/org/apache/poi/poi-ooxml/4.1.2/poi-ooxml-4.1.2.jar:/Users/nishant/.m2/repository/org/apache/poi/poi-ooxml-schemas/4.1.2/poi-ooxml-schemas-4.1.2.jar:/Users/nishant/.m2/repository/org/apache/xmlbeans/xmlbeans/3.1.0/xmlbeans-3.1.0.jar:/Users/nishant/.m2/repository/org/apache/commons/commons-compress/1.19/commons-compress-1.19.jar:/Users/nishant/.m2/repository/com/github/virtuald/curvesapi/1.06/curvesapi-1.06.jar:/Users/nishant/.m2/repository/org/apache/poi/poi/4.1.2/poi-4.1.2.jar:/Users/nishant/.m2/repository/commons-codec/commons-codec/1.13/commons-codec-1.13.jar:/Users/nishant/.m2/repository/org/apache/commons/commons-collections4/4.4/commons-collections4-4.4.jar:/Users/nishant/.m2/repository/org/apache/commons/commons-math3/3.6.1/commons-math3-3.6.1.jar:/Users/nishant/.m2/repository/com/zaxxer/SparseBitSet/1.2/SparseBitSet-1.2.jar:/Users/nishant/.m2/repository/info/cukes/gherkin/2.12.2/gherkin-2.12.2.jar:/Users/nishant/.m2/repository/junit/junit/4.12/junit-4.12.jar:/Users/nishant/.m2/repository/org/hamcrest/hamcrest-core/1.3/hamcrest-core-1.3.jar:/Users/nishant/.m2/repository/com/aventstack/extentreports/4.0.1/extentreports-4.0.1.jar:/Users/nishant/.m2/repository/org/freemarker/freemarker/2.3.23/freemarker-2.3.23.jar:/Users/nishant/.m2/repository/org/mongodb/mongodb-driver/3.3.0/mongodb-driver-3.3.0.jar:/Users/nishant/.m2/repository/org/mongodb/mongodb-driver-core/3.3.0/mongodb-driver-core-3.3.0.jar:/Users/nishant/.m2/repository/org/mongodb/bson/3.3.0/bson-3.3.0.jar:/Users/nishant/.m2/repository/org/apache/httpcomponents/httpclient/4.5.2/httpclient-4.5.2.jar:/Users/nishant/.m2/repository/org/apache/httpcomponents/httpcore/4.4.4/httpcore-4.4.4.jar:/Users/nishant/.m2/repository/org/apache/httpcomponents/httpmime/4.5.2/httpmime-4.5.2.jar:/Users/nishant/.m2/repository/io/cucumber/cucumber-java/1.2.6/cucumber-java-1.2.6.jar:/Users/nishant/.m2/repository/io/cucumber/cucumber-core/1.2.6/cucumber-core-1.2.6.jar:/Users/nishant/.m2/repository/info/cukes/cucumber-html/0.2.3/cucumber-html-0.2.3.jar:/Users/nishant/.m2/repository/info/cukes/cucumber-jvm-deps/1.0.5/cucumber-jvm-deps-1.0.5.jar:/Users/nishant/.m2/repository/io/cucumber/cucumber-junit/1.2.6/cucumber-junit-1.2.6.jar:/Users/nishant/.m2/repository/com/vimalselvam/cucumber-extentsreport/3.0.2/cucumber-extentsreport-3.0.2.jar:/Users/nishant/.m2/repository/io/cucumber/cucumber-picocontainer/1.2.6/cucumber-picocontainer-1.2.6.jar:/Users/nishant/.m2/repository/org/picocontainer/picocontainer/2.15/picocontainer-2.15.jar:/Users/nishant/.m2/repository/commons-io/commons-io/2.4/commons-io-2.4.jar:/Users/nishant/.m2/repository/org/apache/commons/commons-lang3/3.8/commons-lang3-3.8.jar:/Users/nishant/.m2/repository/commons-logging/commons-logging/1.1.3/commons-logging-1.1.3.jar:/Users/nishant/.m2/repository/io/rest-assured/rest-assured/3.0.3/rest-assured-3.0.3.jar:/Users/nishant/.m2/repository/org/codehaus/groovy/groovy/2.4.9/groovy-2.4.9.jar:/Users/nishant/.m2/repository/org/codehaus/groovy/groovy-xml/2.4.9/groovy-xml-2.4.9.jar:/Users/nishant/.m2/repository/org/hamcrest/hamcrest-library/1.3/hamcrest-library-1.3.jar:/Users/nishant/.m2/repository/org/ccil/cowan/tagsoup/tagsoup/1.2.1/tagsoup-1.2.1.jar:/Users/nishant/.m2/repository/io/rest-assured/xml-path/3.0.3/xml-path-3.0.3.jar:/Users/nishant/.m2/repository/io/rest-assured/json-path/3.0.3/json-path-3.0.3.jar:/Users/nishant/.m2/repository/org/codehaus/groovy/groovy-json/2.4.9/groovy-json-2.4.9.jar:/Users/nishant/.m2/repository/io/rest-assured/rest-assured-common/3.0.3/rest-assured-common-3.0.3.jar:/Users/nishant/.m2/repository/io/rest-assured/json-schema-validator/3.0.3/json-schema-validator-3.0.3.jar:/Users/nishant/.m2/repository/com/github/fge/json-schema-validator/2.2.6/json-schema-validator-2.2.6.jar:/Users/nishant/.m2/repository/joda-time/joda-time/2.3/joda-time-2.3.jar:/Users/nishant/.m2/repository/com/googlecode/libphonenumber/libphonenumber/6.2/libphonenumber-6.2.jar:/Users/nishant/.m2/repository/com/github/fge/json-schema-core/1.2.5/json-schema-core-1.2.5.jar:/Users/nishant/.m2/repository/com/github/fge/uri-template/0.9/uri-template-0.9.jar:/Users/nishant/.m2/repository/com/github/fge/msg-simple/1.1/msg-simple-1.1.jar:/Users/nishant/.m2/repository/com/github/fge/btf/1.2/btf-1.2.jar:/Users/nishant/.m2/repository/com/github/fge/jackson-coreutils/1.8/jackson-coreutils-1.8.jar:/Users/nishant/.m2/repository/com/fasterxml/jackson/core/jackson-databind/2.2.3/jackson-databind-2.2.3.jar:/Users/nishant/.m2/repository/com/fasterxml/jackson/core/jackson-annotations/2.2.3/jackson-annotations-2.2.3.jar:/Users/nishant/.m2/repository/com/fasterxml/jackson/core/jackson-core/2.2.3/jackson-core-2.2.3.jar:/Users/nishant/.m2/repository/org/mozilla/rhino/1.7R4/rhino-1.7R4.jar:/Users/nishant/.m2/repository/javax/mail/mailapi/1.4.3/mailapi-1.4.3.jar:/Users/nishant/.m2/repository/javax/activation/activation/1.1/activation-1.1.jar:/Users/nishant/.m2/repository/net/sf/jopt-simple/jopt-simple/4.6/jopt-simple-4.6.jar:"/>
    <property name="sun.cpu.endian" value="little"/>
    <property name="user.home" value="/Users/nishant"/>
    <property name="user.language" value="en"/>
    <property name="java.specification.vendor" value="Oracle Corporation"/>
    <property name="java.home" value="/Library/Java/JavaVirtualMachines/adoptopenjdk-8.jdk/Contents/Home/jre"/>
    <property name="basedir" value="/Users/nishant/docomo"/>
    <property name="file.separator" value="/"/>
    <property name="line.separator" value="&#10;"/>
    <property name="java.vm.specification.vendor" value="Oracle Corporation"/>
    <property name="java.specification.name" value="Java Platform API Specification"/>
    <property name="java.awt.graphicsenv" value="sun.awt.CGraphicsEnvironment"/>
    <property name="surefire.real.class.path" value="/Users/nishant/docomo/target/surefire/surefirebooter8921275573877653081.jar"/>
    <property name="sun.boot.class.path" value="/Library/Java/JavaVirtualMachines/adoptopenjdk-8.jdk/Contents/Home/jre/lib/resources.jar:/Library/Java/JavaVirtualMachines/adoptopenjdk-8.jdk/Contents/Home/jre/lib/rt.jar:/Library/Java/JavaVirtualMachines/adoptopenjdk-8.jdk/Contents/Home/jre/lib/sunrsasign.jar:/Library/Java/JavaVirtualMachines/adoptopenjdk-8.jdk/Contents/Home/jre/lib/jsse.jar:/Library/Java/JavaVirtualMachines/adoptopenjdk-8.jdk/Contents/Home/jre/lib/jce.jar:/Library/Java/JavaVirtualMachines/adoptopenjdk-8.jdk/Contents/Home/jre/lib/charsets.jar:/Library/Java/JavaVirtualMachines/adoptopenjdk-8.jdk/Contents/Home/jre/lib/jfr.jar:/Library/Java/JavaVirtualMachines/adoptopenjdk-8.jdk/Contents/Home/jre/classes"/>
    <property name="sun.management.compiler" value="HotSpot 64-Bit Tiered Compilers"/>
    <property name="java.runtime.version" value="1.8.0_275-b01"/>
    <property name="user.name" value="nishant"/>
    <property name="path.separator" value=":"/>
    <property name="os.version" value="10.16"/>
    <property name="java.endorsed.dirs" value="/Library/Java/JavaVirtualMachines/adoptopenjdk-8.jdk/Contents/Home/jre/lib/endorsed"/>
    <property name="java.runtime.name" value="OpenJDK Runtime Environment"/>
    <property name="file.encoding" value="US-ASCII"/>
    <property name="java.vm.name" value="OpenJDK 64-Bit Server VM"/>
    <property name="localRepository" value="/Users/nishant/.m2/repository"/>
    <property name="java.vendor.url.bug" value="https://github.com/AdoptOpenJDK/openjdk-support/issues"/>
    <property name="java.io.tmpdir" value="/var/folders/cq/kq1r5w9s3l1gryn83mdn5kbm0000gq/T/"/>
    <property name="java.version" value="1.8.0_275"/>
    <property name="user.dir" value="/Users/nishant/docomo"/>
    <property name="os.arch" value="x86_64"/>
    <property name="java.vm.specification.name" value="Java Virtual Machine Specification"/>
    <property name="java.awt.printerjob" value="sun.lwawt.macosx.CPrinterJob"/>
    <property name="sun.os.patch.level" value="unknown"/>
    <property name="java.library.path" value="/Users/nishant/Library/Java/Extensions:/Library/Java/Extensions:/Network/Library/Java/Extensions:/System/Library/Java/Extensions:/usr/lib/java:."/>
    <property name="java.vm.info" value="mixed mode"/>
    <property name="java.vendor" value="AdoptOpenJDK"/>
    <property name="java.vm.version" value="25.275-b01"/>
    <property name="java.ext.dirs" value="/Users/nishant/Library/Java/Extensions:/Library/Java/JavaVirtualMachines/adoptopenjdk-8.jdk/Contents/Home/jre/lib/ext:/Library/Java/Extensions:/Network/Library/Java/Extensions:/System/Library/Java/Extensions:/usr/lib/java"/>
    <property name="sun.io.unicode.encoding" value="UnicodeBig"/>
    <property name="java.class.version" value="52.0"/>
  </properties>
</testsuite>